12:17:36.555 INFO - Selenium build info: version: '3.4.0', revision: 'unknown'
12:17:36.556 INFO - Launching a standalone Selenium Server
2017-05-08 12:17:36.716:INFO::main: Logging initialized @2036ms to org.seleniumhq.jetty9.util.log.StdErrLog
12:17:36.984 INFO - Driver provider org.openqa.selenium.ie.InternetExplorerDriver registration is skipped:
 registration capabilities Capabilities [{ensureCleanSession=true, browserName=internet explorer, version=, platform=WINDOWS}] does not match the current platform LINUX
12:17:36.984 INFO - Driver provider org.openqa.selenium.edge.EdgeDriver registration is skipped:
 registration capabilities Capabilities [{browserName=MicrosoftEdge, version=, platform=WINDOWS}] does not match the current platform LINUX
12:17:36.985 INFO - Driver class not found: com.opera.core.systems.OperaDriver
12:17:36.985 INFO - Driver provider com.opera.core.systems.OperaDriver registration is skipped:
Unable to create new instances on this machine.
12:17:36.985 INFO - Driver class not found: com.opera.core.systems.OperaDriver
12:17:36.985 INFO - Driver provider com.opera.core.systems.OperaDriver is not registered
12:17:36.987 INFO - Driver provider org.openqa.selenium.safari.SafariDriver registration is skipped:
 registration capabilities Capabilities [{browserName=safari, version=, platform=MAC}] does not match the current platform LINUX
2017-05-08 12:17:37.427:INFO:osjs.Server:main: jetty-9.4.3.v20170317
2017-05-08 12:17:37.615:INFO:osjsh.ContextHandler:main: Started o.s.j.s.ServletContextHandler@2b98378d{/,null,AVAILABLE}
2017-05-08 12:17:37.815:INFO:osjs.AbstractConnector:main: Started ServerConnector@548e7350{HTTP/1.1,[http/1.1]}{0.0.0.0:4444}
2017-05-08 12:17:37.816:INFO:osjs.Server:main: Started @3137ms
12:17:37.816 INFO - Selenium Server is up and running
12:17:38.624 INFO - SessionCleaner initialized with insideBrowserTimeout 0 and clientGoneTimeout 1800000 polling every 180000
12:17:38.792 INFO - Executing: [new session: Capabilities [{acceptSslCerts=true, marionette=true, name=Google Demo Test, browserName=chrome, javaScriptEnabled=true, javascriptEnabled=true, platform=ANY}]])
12:17:38.947 INFO - Creating a new session for Capabilities [{acceptSslCerts=true, marionette=true, name=Google Demo Test, browserName=chrome, javaScriptEnabled=true, javascriptEnabled=true, platform=ANY}]
Starting ChromeDriver 2.29.461571 (8a88bbe0775e2a23afda0ceaf2ef7ee74e822cc5) on port 3430
Only local connections are allowed.
12:17:42.478 INFO - Detected dialect: OSS
12:17:42.654 INFO - Done: [new session: Capabilities [{acceptSslCerts=true, marionette=true, name=Google Demo Test, browserName=chrome, javaScriptEnabled=true, javascriptEnabled=true, platform=ANY}]]
12:17:42.686 INFO - Executing: [get: http://www.google.com])
12:17:45.985 INFO - Done: [get: http://www.google.com]
12:17:45.994 INFO - Executing: [find elements: By.cssSelector: body])
12:17:46.077 INFO - Done: [find elements: By.cssSelector: body]
12:17:46.084 INFO - Executing: [is displayed: 0 [[ChromeDriver: chrome on LINUX (3e5d412f94e5a6970b0fbfb89f1ff29a)] -> css selector: body]])
12:17:46.137 INFO - Done: [is displayed: 0 [[ChromeDriver: chrome on LINUX (3e5d412f94e5a6970b0fbfb89f1ff29a)] -> css selector: body]]
12:17:46.143 INFO - Executing: [get title])
12:17:46.150 INFO - Done: [get title]
12:17:46.157 INFO - Executing: [find element: By.cssSelector: input[type=text]])
12:17:46.192 INFO - Done: [find element: By.cssSelector: input[type=text]]
12:17:46.195 INFO - Executing: [is displayed: 1 [[ChromeDriver: chrome on LINUX (3e5d412f94e5a6970b0fbfb89f1ff29a)] -> css selector: input[type=text]]])
12:17:46.218 INFO - Done: [is displayed: 1 [[ChromeDriver: chrome on LINUX (3e5d412f94e5a6970b0fbfb89f1ff29a)] -> css selector: input[type=text]]]
12:17:46.223 INFO - Executing: [find element: By.cssSelector: input[type=text]])
12:17:46.233 INFO - Done: [find element: By.cssSelector: input[type=text]]
12:17:46.237 INFO - Executing: [send keys: 1 [[ChromeDriver: chrome on LINUX (3e5d412f94e5a6970b0fbfb89f1ff29a)] -> css selector: input[type=text]], [r, e, m, b, r, a, n, d, t,  , v, a, n,  , r, i, j, n]])
12:17:46.375 INFO - Done: [send keys: 1 [[ChromeDriver: chrome on LINUX (3e5d412f94e5a6970b0fbfb89f1ff29a)] -> css selector: input[type=text]], [r, e, m, b, r, a, n, d, t,  , v, a, n,  , r, i, j, n]]
12:17:46.382 INFO - Executing: [find elements: By.cssSelector: button[name=btnG]])
12:17:46.408 INFO - Done: [find elements: By.cssSelector: button[name=btnG]]
12:17:46.412 INFO - Executing: [is displayed: 2 [[ChromeDriver: chrome on LINUX (3e5d412f94e5a6970b0fbfb89f1ff29a)] -> css selector: button[name=btnG]]])
12:17:46.434 INFO - Done: [is displayed: 2 [[ChromeDriver: chrome on LINUX (3e5d412f94e5a6970b0fbfb89f1ff29a)] -> css selector: button[name=btnG]]]
12:17:46.438 INFO - Executing: [find element: By.cssSelector: button[name=btnG]])
12:17:46.487 INFO - Done: [find element: By.cssSelector: button[name=btnG]]
12:17:46.496 INFO - Executing: [click: 2 [[ChromeDriver: chrome on LINUX (3e5d412f94e5a6970b0fbfb89f1ff29a)] -> css selector: button[name=btnG]]])
12:17:46.583 INFO - Done: [click: 2 [[ChromeDriver: chrome on LINUX (3e5d412f94e5a6970b0fbfb89f1ff29a)] -> css selector: button[name=btnG]]]
12:17:47.591 INFO - Executing: [delete session: ceac6c89-dfbd-4b8d-a3f7-f2d2e7de60d9])
12:17:47.659 INFO - Done: [delete session: ceac6c89-dfbd-4b8d-a3f7-f2d2e7de60d9]
